# JRE version: OpenJDK Runtime Environment Temurin-21.0.9+10 (21.0.9+10) (build 21.0.9+10-LTS)
# Java VM: OpenJDK 64-Bit Server VM Temurin-21.0.9+10 (21.0.9+10-LTS, mixed mode, sharing, tiered, compressed oops, compressed class ptrs, parallel gc, windows-amd64)
GC Precious Log:
 CardTable entry size: 512
 CPUs: 16 total, 16 available
 Memory: 16027M
 Large Page Support: Disabled
 NUMA Support: Disabled
 Compressed Oops: Enabled (32-bit)
 Alignments: Space 512K, Generation 512K, Heap 2M
 Heap Min Capacity: 100M
 Heap Initial Capacity: 100M
 Heap Max Capacity: 2G
 Pre-touch: Disabled
 Parallel Workers: 13
Heap:
 PSYoungGen      total 6144K, used 3326K [0x00000000d5580000, 0x00000000d5d00000, 0x0000000100000000)
  eden space 4608K, 49% used [0x00000000d5580000,0x00000000d57bcc50,0x00000000d5a00000)
  from space 1536K, 67% used [0x00000000d5a00000,0x00000000d5b02d50,0x00000000d5b80000)
  to   space 1536K, 0% used [0x00000000d5b80000,0x00000000d5b80000,0x00000000d5d00000)
 ParOldGen       total 216576K, used 216388K [0x0000000080000000, 0x000000008d380000, 0x00000000d5580000)
  object space 216576K, 99% used [0x0000000080000000,0x000000008d351260,0x000000008d380000)
 Metaspace       used 55349K, committed 56704K, reserved 1114112K
  class space    used 5979K, committed 6592K, reserved 1048576K
GC Heap History (20 events):
Event: 12.556 GC heap before
{Heap before GC invocations=137 (full 2):
 PSYoungGen      total 6144K, used 5684K [0x00000000d5580000, 0x00000000d5d00000, 0x0000000100000000)
  eden space 5120K, 100% used [0x00000000d5580000,0x00000000d5a80000,0x00000000d5a80000)
  from space 1024K, 55% used [0x00000000d5c00000,0x00000000d5c8d370,0x00000000d5d00000)
  to   space 1024K, 0% used [0x00000000d5b00000,0x00000000d5b00000,0x00000000d5c00000)
 ParOldGen       total 206336K, used 205951K [0x0000000080000000, 0x000000008c980000, 0x00000000d5580000)
  object space 206336K, 99% used [0x0000000080000000,0x000000008c91fc60,0x000000008c980000)
 Metaspace       used 54767K, committed 56192K, reserved 1114112K
  class space    used 5917K, committed 6592K, reserved 1048576K
}
Event: 12.558 GC heap after
{Heap after GC invocations=137 (full 2):
 PSYoungGen      total 6144K, used 1019K [0x00000000d5580000, 0x00000000d5e80000, 0x0000000100000000)
  eden space 5120K, 0% used [0x00000000d5580000,0x00000000d5580000,0x00000000d5a80000)
  from space 1024K, 99% used [0x00000000d5b00000,0x00000000d5bfee98,0x00000000d5c00000)
  to   space 2048K, 0% used [0x00000000d5c80000,0x00000000d5c80000,0x00000000d5e80000)
 ParOldGen       total 206848K, used 206362K [0x0000000080000000, 0x000000008ca00000, 0x00000000d5580000)
  object space 206848K, 99% used [0x0000000080000000,0x000000008c986948,0x000000008ca00000)
 Metaspace       used 54767K, committed 56192K, reserved 1114112K
  class space    used 5917K, committed 6592K, reserved 1048576K
}
Event: 12.591 GC heap before
{Heap before GC invocations=138 (full 2):
 PSYoungGen      total 6144K, used 6139K [0x00000000d5580000, 0x00000000d5e80000, 0x0000000100000000)
  eden space 5120K, 100% used [0x00000000d5580000,0x00000000d5a80000,0x00000000d5a80000)
  from space 1024K, 99% used [0x00000000d5b00000,0x00000000d5bfee98,0x00000000d5c00000)
  to   space 2048K, 0% used [0x00000000d5c80000,0x00000000d5c80000,0x00000000d5e80000)
 ParOldGen       total 206848K, used 206362K [0x0000000080000000, 0x000000008ca00000, 0x00000000d5580000)
  object space 206848K, 99% used [0x0000000080000000,0x000000008c986948,0x000000008ca00000)
 Metaspace       used 54928K, committed 56320K, reserved 1114112K
  class space    used 5930K, committed 6592K, reserved 1048576K
}
Event: 12.592 GC heap after
{Heap after GC invocations=138 (full 2):
 PSYoungGen      total 6656K, used 1286K [0x00000000d5580000, 0x00000000d5e00000, 0x0000000100000000)
  eden space 5120K, 0% used [0x00000000d5580000,0x00000000d5580000,0x00000000d5a80000)
  from space 1536K, 83% used [0x00000000d5c80000,0x00000000d5dc1a48,0x00000000d5e00000)
  to   space 1536K, 0% used [0x00000000d5b00000,0x00000000d5b00000,0x00000000d5c80000)
 ParOldGen       total 207360K, used 207179K [0x0000000080000000, 0x000000008ca80000, 0x00000000d5580000)
  object space 207360K, 99% used [0x0000000080000000,0x000000008ca52d68,0x000000008ca80000)
 Metaspace       used 54928K, committed 56320K, reserved 1114112K
  class space    used 5930K, committed 6592K, reserved 1048576K
}
Event: 12.610 GC heap before
{Heap before GC invocations=139 (full 2):
 PSYoungGen      total 6656K, used 6406K [0x00000000d5580000, 0x00000000d5e00000, 0x0000000100000000)
  eden space 5120K, 100% used [0x00000000d5580000,0x00000000d5a80000,0x00000000d5a80000)
  from space 1536K, 83% used [0x00000000d5c80000,0x00000000d5dc1a48,0x00000000d5e00000)
  to   space 1536K, 0% used [0x00000000d5b00000,0x00000000d5b00000,0x00000000d5c80000)
 ParOldGen       total 207360K, used 207179K [0x0000000080000000, 0x000000008ca80000, 0x00000000d5580000)
  object space 207360K, 99% used [0x0000000080000000,0x000000008ca52d68,0x000000008ca80000)
 Metaspace       used 54965K, committed 56384K, reserved 1114112K
  class space    used 5932K, committed 6592K, reserved 1048576K
}
Event: 12.612 GC heap after
{Heap after GC invocations=139 (full 2):
 PSYoungGen      total 6656K, used 1091K [0x00000000d5580000, 0x00000000d5d80000, 0x0000000100000000)
  eden space 5120K, 0% used [0x00000000d5580000,0x00000000d5580000,0x00000000d5a80000)
  from space 1536K, 71% used [0x00000000d5b00000,0x00000000d5c10f70,0x00000000d5c80000)
  to   space 1024K, 0% used [0x00000000d5c80000,0x00000000d5c80000,0x00000000d5d80000)
 ParOldGen       total 208384K, used 208100K [0x0000000080000000, 0x000000008cb80000, 0x00000000d5580000)
  object space 208384K, 99% used [0x0000000080000000,0x000000008cb390b8,0x000000008cb80000)
 Metaspace       used 54965K, committed 56384K, reserved 1114112K
  class space    used 5932K, committed 6592K, reserved 1048576K
}
Event: 12.627 GC heap before
{Heap before GC invocations=140 (full 2):
 PSYoungGen      total 6656K, used 6211K [0x00000000d5580000, 0x00000000d5d80000, 0x0000000100000000)
  eden space 5120K, 100% used [0x00000000d5580000,0x00000000d5a80000,0x00000000d5a80000)
  from space 1536K, 71% used [0x00000000d5b00000,0x00000000d5c10f70,0x00000000d5c80000)
  to   space 1024K, 0% used [0x00000000d5c80000,0x00000000d5c80000,0x00000000d5d80000)
 ParOldGen       total 208384K, used 208100K [0x0000000080000000, 0x000000008cb80000, 0x00000000d5580000)
  object space 208384K, 99% used [0x0000000080000000,0x000000008cb390b8,0x000000008cb80000)
 Metaspace       used 54983K, committed 56384K, reserved 1114112K
  class space    used 5934K, committed 6592K, reserved 1048576K
}
Event: 12.629 GC heap after
{Heap after GC invocations=140 (full 2):
 PSYoungGen      total 5632K, used 1015K [0x00000000d5580000, 0x00000000d5f80000, 0x0000000100000000)
  eden space 4608K, 0% used [0x00000000d5580000,0x00000000d5580000,0x00000000d5a00000)
  from space 1024K, 99% used [0x00000000d5c80000,0x00000000d5d7de68,0x00000000d5d80000)
  to   space 2560K, 0% used [0x00000000d5a00000,0x00000000d5a00000,0x00000000d5c80000)
 ParOldGen       total 209408K, used 209116K [0x0000000080000000, 0x000000008cc80000, 0x00000000d5580000)
  object space 209408K, 99% used [0x0000000080000000,0x000000008cc370f8,0x000000008cc80000)
 Metaspace       used 54983K, committed 56384K, reserved 1114112K
  class space    used 5934K, committed 6592K, reserved 1048576K
}
Event: 12.638 GC heap before
{Heap before GC invocations=141 (full 2):
 PSYoungGen      total 5632K, used 5623K [0x00000000d5580000, 0x00000000d5f80000, 0x0000000100000000)
  eden space 4608K, 100% used [0x00000000d5580000,0x00000000d5a00000,0x00000000d5a00000)
  from space 1024K, 99% used [0x00000000d5c80000,0x00000000d5d7de68,0x00000000d5d80000)
  to   space 2560K, 0% used [0x00000000d5a00000,0x00000000d5a00000,0x00000000d5c80000)
 ParOldGen       total 209408K, used 209116K [0x0000000080000000, 0x000000008cc80000, 0x00000000d5580000)
  object space 209408K, 99% used [0x0000000080000000,0x000000008cc370f8,0x000000008cc80000)
 Metaspace       used 54998K, committed 56384K, reserved 1114112K
  class space    used 5935K, committed 6592K, reserved 1048576K
}
Event: 12.641 GC heap after
{Heap after GC invocations=141 (full 2):
 PSYoungGen      total 6144K, used 1251K [0x00000000d5580000, 0x00000000d5d00000, 0x0000000100000000)
  eden space 4608K, 0% used [0x00000000d5580000,0x00000000d5580000,0x00000000d5a00000)
  from space 1536K, 81% used [0x00000000d5a00000,0x00000000d5b38ed8,0x00000000d5b80000)
  to   space 1536K, 0% used [0x00000000d5b80000,0x00000000d5b80000,0x00000000d5d00000)
 ParOldGen       total 210432K, used 210131K [0x0000000080000000, 0x000000008cd80000, 0x00000000d5580000)
  object space 210432K, 99% used [0x0000000080000000,0x000000008cd34fd0,0x000000008cd80000)
 Metaspace       used 54998K, committed 56384K, reserved 1114112K
  class space    used 5935K, committed 6592K, reserved 1048576K
}
Event: 12.655 GC heap before
{Heap before GC invocations=142 (full 2):
 PSYoungGen      total 6144K, used 5859K [0x00000000d5580000, 0x00000000d5d00000, 0x0000000100000000)
  eden space 4608K, 100% used [0x00000000d5580000,0x00000000d5a00000,0x00000000d5a00000)
  from space 1536K, 81% used [0x00000000d5a00000,0x00000000d5b38ed8,0x00000000d5b80000)
  to   space 1536K, 0% used [0x00000000d5b80000,0x00000000d5b80000,0x00000000d5d00000)
 ParOldGen       total 210432K, used 210131K [0x0000000080000000, 0x000000008cd80000, 0x00000000d5580000)
  object space 210432K, 99% used [0x0000000080000000,0x000000008cd34fd0,0x000000008cd80000)
 Metaspace       used 55045K, committed 56448K, reserved 1114112K
  class space    used 5940K, committed 6592K, reserved 1048576K
}
Event: 12.658 GC heap after
{Heap after GC invocations=142 (full 2):
 PSYoungGen      total 6144K, used 1130K [0x00000000d5580000, 0x00000000d5d00000, 0x0000000100000000)
  eden space 4608K, 0% used [0x00000000d5580000,0x00000000d5580000,0x00000000d5a00000)
  from space 1536K, 73% used [0x00000000d5b80000,0x00000000d5c9aa18,0x00000000d5d00000)
  to   space 1536K, 0% used [0x00000000d5a00000,0x00000000d5a00000,0x00000000d5b80000)
 ParOldGen       total 211456K, used 211257K [0x0000000080000000, 0x000000008ce80000, 0x00000000d5580000)
  object space 211456K, 99% used [0x0000000080000000,0x000000008ce4e690,0x000000008ce80000)
 Metaspace       used 55045K, committed 56448K, reserved 1114112K
  class space    used 5940K, committed 6592K, reserved 1048576K
}
Event: 12.674 GC heap before
{Heap before GC invocations=143 (full 2):
 PSYoungGen      total 6144K, used 5738K [0x00000000d5580000, 0x00000000d5d00000, 0x0000000100000000)
  eden space 4608K, 100% used [0x00000000d5580000,0x00000000d5a00000,0x00000000d5a00000)
  from space 1536K, 73% used [0x00000000d5b80000,0x00000000d5c9aa18,0x00000000d5d00000)
  to   space 1536K, 0% used [0x00000000d5a00000,0x00000000d5a00000,0x00000000d5b80000)
 ParOldGen       total 211456K, used 211257K [0x0000000080000000, 0x000000008ce80000, 0x00000000d5580000)
  object space 211456K, 99% used [0x0000000080000000,0x000000008ce4e690,0x000000008ce80000)
 Metaspace       used 55102K, committed 56512K, reserved 1114112K
  class space    used 5949K, committed 6592K, reserved 1048576K
}
Event: 12.676 GC heap after
{Heap after GC invocations=143 (full 2):
 PSYoungGen      total 6144K, used 1157K [0x00000000d5580000, 0x00000000d5d00000, 0x0000000100000000)
  eden space 4608K, 0% used [0x00000000d5580000,0x00000000d5580000,0x00000000d5a00000)
  from space 1536K, 75% used [0x00000000d5a00000,0x00000000d5b217b8,0x00000000d5b80000)
  to   space 1536K, 0% used [0x00000000d5b80000,0x00000000d5b80000,0x00000000d5d00000)
 ParOldGen       total 212480K, used 212209K [0x0000000080000000, 0x000000008cf80000, 0x00000000d5580000)
  object space 212480K, 99% used [0x0000000080000000,0x000000008cf3c420,0x000000008cf80000)
 Metaspace       used 55102K, committed 56512K, reserved 1114112K
  class space    used 5949K, committed 6592K, reserved 1048576K
}
Event: 12.695 GC heap before
{Heap before GC invocations=144 (full 2):
 PSYoungGen      total 6144K, used 5765K [0x00000000d5580000, 0x00000000d5d00000, 0x0000000100000000)
  eden space 4608K, 100% used [0x00000000d5580000,0x00000000d5a00000,0x00000000d5a00000)
  from space 1536K, 75% used [0x00000000d5a00000,0x00000000d5b217b8,0x00000000d5b80000)
  to   space 1536K, 0% used [0x00000000d5b80000,0x00000000d5b80000,0x00000000d5d00000)
 ParOldGen       total 212480K, used 212209K [0x0000000080000000, 0x000000008cf80000, 0x00000000d5580000)
  object space 212480K, 99% used [0x0000000080000000,0x000000008cf3c420,0x000000008cf80000)
 Metaspace       used 55165K, committed 56576K, reserved 1114112K
  class space    used 5956K, committed 6592K, reserved 1048576K
}
Event: 12.697 GC heap after
{Heap after GC invocations=144 (full 2):
 PSYoungGen      total 6144K, used 1062K [0x00000000d5580000, 0x00000000d5d00000, 0x0000000100000000)
  eden space 4608K, 0% used [0x00000000d5580000,0x00000000d5580000,0x00000000d5a00000)
  from space 1536K, 69% used [0x00000000d5b80000,0x00000000d5c899e8,0x00000000d5d00000)
  to   space 1536K, 0% used [0x00000000d5a00000,0x00000000d5a00000,0x00000000d5b80000)
 ParOldGen       total 213504K, used 213098K [0x0000000080000000, 0x000000008d080000, 0x00000000d5580000)
  object space 213504K, 99% used [0x0000000080000000,0x000000008d01a850,0x000000008d080000)
 Metaspace       used 55165K, committed 56576K, reserved 1114112K
  class space    used 5956K, committed 6592K, reserved 1048576K
}
Event: 12.720 GC heap before
{Heap before GC invocations=145 (full 2):
 PSYoungGen      total 6144K, used 5670K [0x00000000d5580000, 0x00000000d5d00000, 0x0000000100000000)
  eden space 4608K, 100% used [0x00000000d5580000,0x00000000d5a00000,0x00000000d5a00000)
  from space 1536K, 69% used [0x00000000d5b80000,0x00000000d5c899e8,0x00000000d5d00000)
  to   space 1536K, 0% used [0x00000000d5a00000,0x00000000d5a00000,0x00000000d5b80000)
 ParOldGen       total 213504K, used 213098K [0x0000000080000000, 0x000000008d080000, 0x00000000d5580000)
  object space 213504K, 99% used [0x0000000080000000,0x000000008d01a850,0x000000008d080000)
 Metaspace       used 55201K, committed 56576K, reserved 1114112K
  class space    used 5962K, committed 6592K, reserved 1048576K
}
Event: 12.722 GC heap after
{Heap after GC invocations=145 (full 2):
 PSYoungGen      total 6144K, used 1282K [0x00000000d5580000, 0x00000000d5d00000, 0x0000000100000000)
  eden space 4608K, 0% used [0x00000000d5580000,0x00000000d5580000,0x00000000d5a00000)
  from space 1536K, 83% used [0x00000000d5a00000,0x00000000d5b40b68,0x00000000d5b80000)
  to   space 1536K, 0% used [0x00000000d5b80000,0x00000000d5b80000,0x00000000d5d00000)
 ParOldGen       total 214016K, used 214003K [0x0000000080000000, 0x000000008d100000, 0x00000000d5580000)
  object space 214016K, 99% used [0x0000000080000000,0x000000008d0fcdd8,0x000000008d100000)
 Metaspace       used 55201K, committed 56576K, reserved 1114112K
  class space    used 5962K, committed 6592K, reserved 1048576K
}
Event: 12.737 GC heap before
{Heap before GC invocations=146 (full 2):
 PSYoungGen      total 6144K, used 5890K [0x00000000d5580000, 0x00000000d5d00000, 0x0000000100000000)
  eden space 4608K, 100% used [0x00000000d5580000,0x00000000d5a00000,0x00000000d5a00000)
  from space 1536K, 83% used [0x00000000d5a00000,0x00000000d5b40b68,0x00000000d5b80000)
  to   space 1536K, 0% used [0x00000000d5b80000,0x00000000d5b80000,0x00000000d5d00000)
 ParOldGen       total 214016K, used 214003K [0x0000000080000000, 0x000000008d100000, 0x00000000d5580000)
  object space 214016K, 99% used [0x0000000080000000,0x000000008d0fcdd8,0x000000008d100000)
 Metaspace       used 55249K, committed 56640K, reserved 1114112K
  class space    used 5968K, committed 6592K, reserved 1048576K
}
Event: 12.740 GC heap after
{Heap after GC invocations=146 (full 2):
 PSYoungGen      total 6144K, used 1515K [0x00000000d5580000, 0x00000000d5d00000, 0x0000000100000000)
  eden space 4608K, 0% used [0x00000000d5580000,0x00000000d5580000,0x00000000d5a00000)
  from space 1536K, 98% used [0x00000000d5b80000,0x00000000d5cfad78,0x00000000d5d00000)
  to   space 1536K, 0% used [0x00000000d5a00000,0x00000000d5a00000,0x00000000d5b80000)
 ParOldGen       total 215552K, used 215076K [0x0000000080000000, 0x000000008d280000, 0x00000000d5580000)
  object space 215552K, 99% used [0x0000000080000000,0x000000008d209028,0x000000008d280000)
 Metaspace       used 55249K, committed 56640K, reserved 1114112K
  class space    used 5968K, committed 6592K, reserved 1048576K
}

