# JRE version: OpenJDK Runtime Environment Temurin-21.0.9+10 (21.0.9+10) (build 21.0.9+10-LTS)
# Java VM: OpenJDK 64-Bit Server VM Temurin-21.0.9+10 (21.0.9+10-LTS, mixed mode, sharing, tiered, compressed oops, compressed class ptrs, parallel gc, windows-amd64)
GC Precious Log:
 CardTable entry size: 512
 CPUs: 16 total, 16 available
 Memory: 16027M
 Large Page Support: Disabled
 NUMA Support: Disabled
 Compressed Oops: Enabled (32-bit)
 Alignments: Space 512K, Generation 512K, Heap 2M
 Heap Min Capacity: 100M
 Heap Initial Capacity: 100M
 Heap Max Capacity: 2G
 Pre-touch: Disabled
 Parallel Workers: 13
Heap:
 PSYoungGen      total 20992K, used 4490K [0x00000000d5580000, 0x00000000d6c00000, 0x0000000100000000)
  eden space 18944K, 13% used [0x00000000d5580000,0x00000000d57f5408,0x00000000d6800000)
  from space 2048K, 96% used [0x00000000d6800000,0x00000000d69ed558,0x00000000d6a00000)
  to   space 2048K, 0% used [0x00000000d6a00000,0x00000000d6a00000,0x00000000d6c00000)
 ParOldGen       total 68608K, used 48200K [0x0000000080000000, 0x0000000084300000, 0x00000000d5580000)
  object space 68608K, 70% used [0x0000000080000000,0x0000000082f12238,0x0000000084300000)
 Metaspace       used 63168K, committed 64640K, reserved 1114112K
  class space    used 6855K, committed 7488K, reserved 1048576K
GC Heap History (20 events):
Event: 115.630 GC heap before
{Heap before GC invocations=113 (full 3):
 PSYoungGen      total 19456K, used 18944K [0x00000000d5580000, 0x00000000d6a00000, 0x0000000100000000)
  eden space 18944K, 100% used [0x00000000d5580000,0x00000000d6800000,0x00000000d6800000)
  from space 512K, 0% used [0x00000000d6880000,0x00000000d6880000,0x00000000d6900000)
  to   space 1024K, 0% used [0x00000000d6900000,0x00000000d6900000,0x00000000d6a00000)
 ParOldGen       total 68608K, used 33682K [0x0000000080000000, 0x0000000084300000, 0x00000000d5580000)
  object space 68608K, 49% used [0x0000000080000000,0x00000000820e4aa8,0x0000000084300000)
 Metaspace       used 59027K, committed 60352K, reserved 1114112K
  class space    used 6393K, committed 6976K, reserved 1048576K
}
Event: 115.633 GC heap after
{Heap after GC invocations=113 (full 3):
 PSYoungGen      total 19968K, used 832K [0x00000000d5580000, 0x00000000d6a00000, 0x0000000100000000)
  eden space 18944K, 0% used [0x00000000d5580000,0x00000000d5580000,0x00000000d6800000)
  from space 1024K, 81% used [0x00000000d6900000,0x00000000d69d0000,0x00000000d6a00000)
  to   space 1024K, 0% used [0x00000000d6800000,0x00000000d6800000,0x00000000d6900000)
 ParOldGen       total 68608K, used 33690K [0x0000000080000000, 0x0000000084300000, 0x00000000d5580000)
  object space 68608K, 49% used [0x0000000080000000,0x00000000820e6aa8,0x0000000084300000)
 Metaspace       used 59027K, committed 60352K, reserved 1114112K
  class space    used 6393K, committed 6976K, reserved 1048576K
}
Event: 117.688 GC heap before
{Heap before GC invocations=114 (full 3):
 PSYoungGen      total 19968K, used 19776K [0x00000000d5580000, 0x00000000d6a00000, 0x0000000100000000)
  eden space 18944K, 100% used [0x00000000d5580000,0x00000000d6800000,0x00000000d6800000)
  from space 1024K, 81% used [0x00000000d6900000,0x00000000d69d0000,0x00000000d6a00000)
  to   space 1024K, 0% used [0x00000000d6800000,0x00000000d6800000,0x00000000d6900000)
 ParOldGen       total 68608K, used 33690K [0x0000000080000000, 0x0000000084300000, 0x00000000d5580000)
  object space 68608K, 49% used [0x0000000080000000,0x00000000820e6aa8,0x0000000084300000)
 Metaspace       used 60020K, committed 61440K, reserved 1114112K
  class space    used 6472K, committed 7104K, reserved 1048576K
}
Event: 117.692 GC heap after
{Heap after GC invocations=114 (full 3):
 PSYoungGen      total 19968K, used 992K [0x00000000d5580000, 0x00000000d6d00000, 0x0000000100000000)
  eden space 18944K, 0% used [0x00000000d5580000,0x00000000d5580000,0x00000000d6800000)
  from space 1024K, 96% used [0x00000000d6800000,0x00000000d68f8030,0x00000000d6900000)
  to   space 2560K, 0% used [0x00000000d6a80000,0x00000000d6a80000,0x00000000d6d00000)
 ParOldGen       total 68608K, used 34992K [0x0000000080000000, 0x0000000084300000, 0x00000000d5580000)
  object space 68608K, 51% used [0x0000000080000000,0x000000008222c1f0,0x0000000084300000)
 Metaspace       used 60020K, committed 61440K, reserved 1114112K
  class space    used 6472K, committed 7104K, reserved 1048576K
}
Event: 117.938 GC heap before
{Heap before GC invocations=115 (full 3):
 PSYoungGen      total 19968K, used 19936K [0x00000000d5580000, 0x00000000d6d00000, 0x0000000100000000)
  eden space 18944K, 100% used [0x00000000d5580000,0x00000000d6800000,0x00000000d6800000)
  from space 1024K, 96% used [0x00000000d6800000,0x00000000d68f8030,0x00000000d6900000)
  to   space 2560K, 0% used [0x00000000d6a80000,0x00000000d6a80000,0x00000000d6d00000)
 ParOldGen       total 68608K, used 34992K [0x0000000080000000, 0x0000000084300000, 0x00000000d5580000)
  object space 68608K, 51% used [0x0000000080000000,0x000000008222c1f0,0x0000000084300000)
 Metaspace       used 60363K, committed 61696K, reserved 1114112K
  class space    used 6527K, committed 7104K, reserved 1048576K
}
Event: 117.942 GC heap after
{Heap after GC invocations=115 (full 3):
 PSYoungGen      total 21504K, used 2321K [0x00000000d5580000, 0x00000000d6d00000, 0x0000000100000000)
  eden space 18944K, 0% used [0x00000000d5580000,0x00000000d5580000,0x00000000d6800000)
  from space 2560K, 90% used [0x00000000d6a80000,0x00000000d6cc4420,0x00000000d6d00000)
  to   space 2560K, 0% used [0x00000000d6800000,0x00000000d6800000,0x00000000d6a80000)
 ParOldGen       total 68608K, used 35985K [0x0000000080000000, 0x0000000084300000, 0x00000000d5580000)
  object space 68608K, 52% used [0x0000000080000000,0x00000000823247f8,0x0000000084300000)
 Metaspace       used 60363K, committed 61696K, reserved 1114112K
  class space    used 6527K, committed 7104K, reserved 1048576K
}
Event: 117.989 GC heap before
{Heap before GC invocations=116 (full 3):
 PSYoungGen      total 21504K, used 21265K [0x00000000d5580000, 0x00000000d6d00000, 0x0000000100000000)
  eden space 18944K, 100% used [0x00000000d5580000,0x00000000d6800000,0x00000000d6800000)
  from space 2560K, 90% used [0x00000000d6a80000,0x00000000d6cc4420,0x00000000d6d00000)
  to   space 2560K, 0% used [0x00000000d6800000,0x00000000d6800000,0x00000000d6a80000)
 ParOldGen       total 68608K, used 35985K [0x0000000080000000, 0x0000000084300000, 0x00000000d5580000)
  object space 68608K, 52% used [0x0000000080000000,0x00000000823247f8,0x0000000084300000)
 Metaspace       used 60395K, committed 61760K, reserved 1114112K
  class space    used 6527K, committed 7104K, reserved 1048576K
}
Event: 117.993 GC heap after
{Heap after GC invocations=116 (full 3):
 PSYoungGen      total 21504K, used 2208K [0x00000000d5580000, 0x00000000d6d00000, 0x0000000100000000)
  eden space 18944K, 0% used [0x00000000d5580000,0x00000000d5580000,0x00000000d6800000)
  from space 2560K, 86% used [0x00000000d6800000,0x00000000d6a28010,0x00000000d6a80000)
  to   space 2560K, 0% used [0x00000000d6a80000,0x00000000d6a80000,0x00000000d6d00000)
 ParOldGen       total 68608K, used 38110K [0x0000000080000000, 0x0000000084300000, 0x00000000d5580000)
  object space 68608K, 55% used [0x0000000080000000,0x00000000825378f0,0x0000000084300000)
 Metaspace       used 60395K, committed 61760K, reserved 1114112K
  class space    used 6527K, committed 7104K, reserved 1048576K
}
Event: 118.064 GC heap before
{Heap before GC invocations=117 (full 3):
 PSYoungGen      total 21504K, used 21152K [0x00000000d5580000, 0x00000000d6d00000, 0x0000000100000000)
  eden space 18944K, 100% used [0x00000000d5580000,0x00000000d6800000,0x00000000d6800000)
  from space 2560K, 86% used [0x00000000d6800000,0x00000000d6a28010,0x00000000d6a80000)
  to   space 2560K, 0% used [0x00000000d6a80000,0x00000000d6a80000,0x00000000d6d00000)
 ParOldGen       total 68608K, used 38110K [0x0000000080000000, 0x0000000084300000, 0x00000000d5580000)
  object space 68608K, 55% used [0x0000000080000000,0x00000000825378f0,0x0000000084300000)
 Metaspace       used 60412K, committed 61760K, reserved 1114112K
  class space    used 6527K, committed 7104K, reserved 1048576K
}
Event: 118.067 GC heap after
{Heap after GC invocations=117 (full 3):
 PSYoungGen      total 21504K, used 2340K [0x00000000d5580000, 0x00000000d6d00000, 0x0000000100000000)
  eden space 18944K, 0% used [0x00000000d5580000,0x00000000d5580000,0x00000000d6800000)
  from space 2560K, 91% used [0x00000000d6a80000,0x00000000d6cc9000,0x00000000d6d00000)
  to   space 2560K, 0% used [0x00000000d6800000,0x00000000d6800000,0x00000000d6a80000)
 ParOldGen       total 68608K, used 40190K [0x0000000080000000, 0x0000000084300000, 0x00000000d5580000)
  object space 68608K, 58% used [0x0000000080000000,0x000000008273f900,0x0000000084300000)
 Metaspace       used 60412K, committed 61760K, reserved 1114112K
  class space    used 6527K, committed 7104K, reserved 1048576K
}
Event: 118.110 GC heap before
{Heap before GC invocations=118 (full 3):
 PSYoungGen      total 21504K, used 21284K [0x00000000d5580000, 0x00000000d6d00000, 0x0000000100000000)
  eden space 18944K, 100% used [0x00000000d5580000,0x00000000d6800000,0x00000000d6800000)
  from space 2560K, 91% used [0x00000000d6a80000,0x00000000d6cc9000,0x00000000d6d00000)
  to   space 2560K, 0% used [0x00000000d6800000,0x00000000d6800000,0x00000000d6a80000)
 ParOldGen       total 68608K, used 40190K [0x0000000080000000, 0x0000000084300000, 0x00000000d5580000)
  object space 68608K, 58% used [0x0000000080000000,0x000000008273f900,0x0000000084300000)
 Metaspace       used 60415K, committed 61824K, reserved 1114112K
  class space    used 6528K, committed 7168K, reserved 1048576K
}
Event: 118.112 GC heap after
{Heap after GC invocations=118 (full 3):
 PSYoungGen      total 21504K, used 2112K [0x00000000d5580000, 0x00000000d6d00000, 0x0000000100000000)
  eden space 18944K, 0% used [0x00000000d5580000,0x00000000d5580000,0x00000000d6800000)
  from space 2560K, 82% used [0x00000000d6800000,0x00000000d6a10000,0x00000000d6a80000)
  to   space 2560K, 0% used [0x00000000d6a80000,0x00000000d6a80000,0x00000000d6d00000)
 ParOldGen       total 68608K, used 42366K [0x0000000080000000, 0x0000000084300000, 0x00000000d5580000)
  object space 68608K, 61% used [0x0000000080000000,0x000000008295fa00,0x0000000084300000)
 Metaspace       used 60415K, committed 61824K, reserved 1114112K
  class space    used 6528K, committed 7168K, reserved 1048576K
}
Event: 118.161 GC heap before
{Heap before GC invocations=119 (full 3):
 PSYoungGen      total 21504K, used 21056K [0x00000000d5580000, 0x00000000d6d00000, 0x0000000100000000)
  eden space 18944K, 100% used [0x00000000d5580000,0x00000000d6800000,0x00000000d6800000)
  from space 2560K, 82% used [0x00000000d6800000,0x00000000d6a10000,0x00000000d6a80000)
  to   space 2560K, 0% used [0x00000000d6a80000,0x00000000d6a80000,0x00000000d6d00000)
 ParOldGen       total 68608K, used 42366K [0x0000000080000000, 0x0000000084300000, 0x00000000d5580000)
  object space 68608K, 61% used [0x0000000080000000,0x000000008295fa00,0x0000000084300000)
 Metaspace       used 60449K, committed 61824K, reserved 1114112K
  class space    used 6528K, committed 7168K, reserved 1048576K
}
Event: 118.165 GC heap after
{Heap after GC invocations=119 (full 3):
 PSYoungGen      total 21504K, used 2240K [0x00000000d5580000, 0x00000000d6d00000, 0x0000000100000000)
  eden space 18944K, 0% used [0x00000000d5580000,0x00000000d5580000,0x00000000d6800000)
  from space 2560K, 87% used [0x00000000d6a80000,0x00000000d6cb0010,0x00000000d6d00000)
  to   space 2560K, 0% used [0x00000000d6800000,0x00000000d6800000,0x00000000d6a80000)
 ParOldGen       total 68608K, used 44270K [0x0000000080000000, 0x0000000084300000, 0x00000000d5580000)
  object space 68608K, 64% used [0x0000000080000000,0x0000000082b3ba00,0x0000000084300000)
 Metaspace       used 60449K, committed 61824K, reserved 1114112K
  class space    used 6528K, committed 7168K, reserved 1048576K
}
Event: 118.272 GC heap before
{Heap before GC invocations=120 (full 3):
 PSYoungGen      total 21504K, used 21184K [0x00000000d5580000, 0x00000000d6d00000, 0x0000000100000000)
  eden space 18944K, 100% used [0x00000000d5580000,0x00000000d6800000,0x00000000d6800000)
  from space 2560K, 87% used [0x00000000d6a80000,0x00000000d6cb0010,0x00000000d6d00000)
  to   space 2560K, 0% used [0x00000000d6800000,0x00000000d6800000,0x00000000d6a80000)
 ParOldGen       total 68608K, used 44270K [0x0000000080000000, 0x0000000084300000, 0x00000000d5580000)
  object space 68608K, 64% used [0x0000000080000000,0x0000000082b3ba00,0x0000000084300000)
 Metaspace       used 60600K, committed 62016K, reserved 1114112K
  class space    used 6542K, committed 7168K, reserved 1048576K
}
Event: 118.276 GC heap after
{Heap after GC invocations=120 (full 3):
 PSYoungGen      total 20480K, used 1376K [0x00000000d5580000, 0x00000000d6c00000, 0x0000000100000000)
  eden space 18944K, 0% used [0x00000000d5580000,0x00000000d5580000,0x00000000d6800000)
  from space 1536K, 89% used [0x00000000d6800000,0x00000000d6958000,0x00000000d6980000)
  to   space 2048K, 0% used [0x00000000d6a00000,0x00000000d6a00000,0x00000000d6c00000)
 ParOldGen       total 68608K, used 46310K [0x0000000080000000, 0x0000000084300000, 0x00000000d5580000)
  object space 68608K, 67% used [0x0000000080000000,0x0000000082d39a10,0x0000000084300000)
 Metaspace       used 60600K, committed 62016K, reserved 1114112K
  class space    used 6542K, committed 7168K, reserved 1048576K
}
Event: 121.117 GC heap before
{Heap before GC invocations=121 (full 3):
 PSYoungGen      total 20480K, used 20320K [0x00000000d5580000, 0x00000000d6c00000, 0x0000000100000000)
  eden space 18944K, 100% used [0x00000000d5580000,0x00000000d6800000,0x00000000d6800000)
  from space 1536K, 89% used [0x00000000d6800000,0x00000000d6958000,0x00000000d6980000)
  to   space 2048K, 0% used [0x00000000d6a00000,0x00000000d6a00000,0x00000000d6c00000)
 ParOldGen       total 68608K, used 46310K [0x0000000080000000, 0x0000000084300000, 0x00000000d5580000)
  object space 68608K, 67% used [0x0000000080000000,0x0000000082d39a10,0x0000000084300000)
 Metaspace       used 61347K, committed 62720K, reserved 1114112K
  class space    used 6632K, committed 7232K, reserved 1048576K
}
Event: 121.121 GC heap after
{Heap after GC invocations=121 (full 3):
 PSYoungGen      total 20992K, used 1728K [0x00000000d5580000, 0x00000000d6c00000, 0x0000000100000000)
  eden space 18944K, 0% used [0x00000000d5580000,0x00000000d5580000,0x00000000d6800000)
  from space 2048K, 84% used [0x00000000d6a00000,0x00000000d6bb0068,0x00000000d6c00000)
  to   space 2048K, 0% used [0x00000000d6800000,0x00000000d6800000,0x00000000d6a00000)
 ParOldGen       total 68608K, used 47495K [0x0000000080000000, 0x0000000084300000, 0x00000000d5580000)
  object space 68608K, 69% used [0x0000000080000000,0x0000000082e61c10,0x0000000084300000)
 Metaspace       used 61347K, committed 62720K, reserved 1114112K
  class space    used 6632K, committed 7232K, reserved 1048576K
}
Event: 121.350 GC heap before
{Heap before GC invocations=122 (full 3):
 PSYoungGen      total 20992K, used 20671K [0x00000000d5580000, 0x00000000d6c00000, 0x0000000100000000)
  eden space 18944K, 99% used [0x00000000d5580000,0x00000000d67ffcf8,0x00000000d6800000)
  from space 2048K, 84% used [0x00000000d6a00000,0x00000000d6bb0068,0x00000000d6c00000)
  to   space 2048K, 0% used [0x00000000d6800000,0x00000000d6800000,0x00000000d6a00000)
 ParOldGen       total 68608K, used 47495K [0x0000000080000000, 0x0000000084300000, 0x00000000d5580000)
  object space 68608K, 69% used [0x0000000080000000,0x0000000082e61c10,0x0000000084300000)
 Metaspace       used 63122K, committed 64576K, reserved 1114112K
  class space    used 6854K, committed 7488K, reserved 1048576K
}
Event: 121.352 GC heap after
{Heap after GC invocations=122 (full 3):
 PSYoungGen      total 20992K, used 1973K [0x00000000d5580000, 0x00000000d6c00000, 0x0000000100000000)
  eden space 18944K, 0% used [0x00000000d5580000,0x00000000d5580000,0x00000000d6800000)
  from space 2048K, 96% used [0x00000000d6800000,0x00000000d69ed558,0x00000000d6a00000)
  to   space 2048K, 0% used [0x00000000d6a00000,0x00000000d6a00000,0x00000000d6c00000)
 ParOldGen       total 68608K, used 48200K [0x0000000080000000, 0x0000000084300000, 0x00000000d5580000)
  object space 68608K, 70% used [0x0000000080000000,0x0000000082f12238,0x0000000084300000)
 Metaspace       used 63122K, committed 64576K, reserved 1114112K
  class space    used 6854K, committed 7488K, reserved 1048576K
}

